2015-12-09 13:00:34 [com.anke.ice.util.BDLocationUtil]-[ERROR] 指定的经纬度格式不正确！
2015-12-16 09:42:21 [com.anke.ice.dao.DBHelper]-[ERROR] 生成档案编号出错
2015-12-16 09:42:21 [com.anke.ice.APIApplication]-[DEBUG] the web service is running!
2015-12-16 09:45:27 [com.anke.ice.dao.DBHelper]-[ERROR] 生成档案编号出错
2015-12-16 09:45:27 [com.anke.ice.APIApplication]-[DEBUG] the web service is running!
2015-12-16 09:46:49 [com.anke.ice.dao.DBHelper]-[ERROR] 生成接入点编号出错
2015-12-16 09:46:49 [com.anke.ice.APIApplication]-[DEBUG] the web service is running!
2015-12-16 09:54:35 [com.anke.ice.dao.DBHelper]-[ERROR] 生成接入点编号出错
2015-12-16 09:54:35 [com.anke.ice.APIApplication]-[DEBUG] the web service is running!
2015-12-16 10:28:00 [com.anke.ice.APIApplication]-[DEBUG] the web service is running!
2015-12-16 10:53:37 [com.anke.ice.APIApplication]-[DEBUG] the web service is running!
2015-12-16 10:53:42 [com.anke.ice.APIApplication]-[DEBUG] the web service is running!
2015-12-16 10:54:21 [com.anke.ice.dao.DBHelper]-[ERROR] 查询接入点信息出错
2015-12-16 10:55:01 [com.anke.ice.APIApplication]-[DEBUG] the web service is running!
2015-12-16 10:55:42 [com.anke.ice.dao.DBHelper]-[ERROR] 查询接入点信息出错
2015-12-16 10:56:15 [com.anke.ice.APIApplication]-[DEBUG] the web service is running!
2015-12-16 10:56:16 [com.anke.ice.dao.DBHelper]-[ERROR] 查询接入点信息出错
2015-12-16 10:56:22 [com.anke.ice.dao.DBHelper]-[ERROR] 查询接入点信息出错
2015-12-16 10:56:49 [com.anke.ice.APIApplication]-[DEBUG] the web service is running!
2015-12-16 10:58:53 [com.anke.ice.dao.DBHelper]-[ERROR] 查询接入点信息出错
2015-12-16 10:59:51 [com.anke.ice.APIApplication]-[DEBUG] the web service is running!
2015-12-16 11:01:16 [com.anke.ice.APIApplication]-[DEBUG] the web service is running!
2015-12-16 11:01:19 [com.anke.ice.dao.DBHelper]-[ERROR] 查询接入点信息出错
2015-12-16 11:02:50 [com.anke.ice.APIApplication]-[DEBUG] the web service is running!
2015-12-16 11:02:52 [com.anke.ice.dao.DBHelper]-[ERROR] 查询接入点信息出错
2015-12-16 11:06:31 [com.anke.ice.dao.DBHelper]-[ERROR] 查询接入点信息出错
2015-12-16 11:07:15 [com.anke.ice.APIApplication]-[DEBUG] the web service is running!
2015-12-16 11:07:26 [com.anke.ice.dao.DBHelper]-[ERROR] 查询接入点信息出错
2015-12-16 11:07:41 [com.anke.ice.dao.DBHelper]-[ERROR] 查询接入点信息出错
2015-12-16 11:07:43 [com.anke.ice.dao.DBHelper]-[ERROR] 查询接入点信息出错
2015-12-16 11:08:32 [com.anke.ice.APIApplication]-[DEBUG] the web service is running!
2015-12-16 11:09:10 [com.anke.ice.APIApplication]-[DEBUG] the web service is running!
2015-12-16 11:11:29 [com.anke.ice.APIApplication]-[DEBUG] the web service is running!
2015-12-16 11:48:52 [com.anke.ice.APIApplication]-[DEBUG] the web service is running!
2015-12-16 11:49:01 [com.anke.ice.APIApplication]-[DEBUG] the web service is running!
2015-12-16 11:52:04 [com.anke.ice.APIApplication]-[DEBUG] the web service is running!
2015-12-16 11:59:46 [com.anke.ice.APIApplication]-[DEBUG] the web service is running!
2015-12-16 12:02:25 [com.anke.ice.APIApplication]-[DEBUG] the web service is running!
2015-12-16 12:02:28 [com.anke.ice.dao.DBHelper]-[ERROR] 查询接入点信息出错
2015-12-16 12:02:38 [com.anke.ice.dao.DBHelper]-[ERROR] 查询接入点信息出错
2015-12-16 12:03:21 [com.anke.ice.APIApplication]-[DEBUG] the web service is running!
2015-12-16 12:04:04 [com.anke.ice.APIApplication]-[DEBUG] the web service is running!
2015-12-16 12:07:34 [com.anke.ice.APIApplication]-[DEBUG] the web service is running!
2015-12-16 12:07:48 [com.anke.ice.APIApplication]-[DEBUG] the web service is running!
2015-12-16 12:11:08 [com.anke.ice.APIApplication]-[DEBUG] the web service is running!
2015-12-16 12:11:26 [com.anke.ice.dao.DBHelper]-[ERROR] 查询接入点信息出错
2015-12-16 12:16:02 [com.anke.ice.dao.DBHelper]-[ERROR] 查询接入点信息出错
2015-12-16 12:16:49 [com.anke.ice.APIApplication]-[DEBUG] the web service is running!
2015-12-16 12:17:05 [com.anke.ice.APIApplication]-[DEBUG] the web service is running!
2015-12-16 12:18:38 [com.anke.ice.APIApplication]-[DEBUG] the web service is running!
2015-12-16 12:25:16 [com.anke.ice.APIApplication]-[DEBUG] the web service is running!
2015-12-16 12:25:18 [com.anke.ice.dao.DBHelper]-[ERROR] 查询接入点信息出错
2015-12-16 13:03:35 [com.anke.ice.APIApplication]-[DEBUG] the web service is running!
2015-12-16 13:48:38 [com.anke.ice.APIApplication]-[DEBUG] the web service is running!
2015-12-16 14:05:23 [com.anke.ice.APIApplication]-[DEBUG] the web service is running!
2015-12-16 14:08:50 [com.anke.ice.dao.DBHelper]-[DEBUG] insert into t_center(centerid,name,area,account,password) values(1151,'测试','测试','','')
2015-12-16 14:08:50 [com.anke.ice.dao.DBHelper]-[ERROR] 保存或修改接入点信息出错
2015-12-16 14:09:19 [com.anke.ice.dao.DBHelper]-[DEBUG] insert into t_center(centerid,name,area,account,password) values(1151,'测试','测试','','')
2015-12-16 14:09:19 [com.anke.ice.dao.DBHelper]-[ERROR] 保存或修改接入点信息出错
2015-12-16 14:09:35 [com.anke.ice.dao.DBHelper]-[DEBUG] insert into t_center(centerid,name,area,account,password) values(1151,'饿时','测试','','')
2015-12-16 14:09:45 [com.anke.ice.dao.DBHelper]-[ERROR] 保存或修改接入点信息出错
2015-12-16 14:10:46 [com.anke.ice.dao.DBHelper]-[DEBUG] insert into t_center(centerid,name,area,account,password) values(1151,'饿时','测试','','')
2015-12-16 14:12:11 [com.anke.ice.dao.DBHelper]-[DEBUG] insert into t_center(centerid,name,area,account,password) values(1152,'饿时','测试','','')
2015-12-16 14:20:32 [com.anke.ice.dao.DBHelper]-[DEBUG] insert into t_center(centerid,name,area,account,password) values(1153,'测试','测试','','')
2015-12-16 14:20:55 [com.anke.ice.dao.DBHelper]-[DEBUG] insert into t_center(centerid,name,area,account,password) values(1154,'a','a','','')
2015-12-16 14:21:52 [com.anke.ice.APIApplication]-[DEBUG] the web service is running!
2015-12-16 14:22:02 [com.anke.ice.dao.DBHelper]-[DEBUG] insert into t_center(centerid,name,area,ip,port,workphone,contact,mobilephone,fixedtelphone,isonline,telareano,account,password,orderambulance) values(1155,'啊','  啊啊','','','','','','',0,'','','',0)
2015-12-16 14:22:02 [com.anke.ice.dao.DBHelper]-[ERROR] 保存或修改接入点信息出错
2015-12-16 14:24:20 [com.anke.ice.APIApplication]-[DEBUG] the web service is running!
2015-12-16 14:24:28 [com.anke.ice.dao.DBHelper]-[DEBUG] insert into t_center(centerid,name,area,ip,port,workphone,contact,mobilephone,fixedtelephone,isonline,telareano,account,password,orderambulance) values(1155,'啊','  啊啊','','','','','','',0,'','','',1)
2015-12-16 14:42:15 [com.anke.ice.APIApplication]-[DEBUG] the web service is running!
2015-12-16 14:50:43 [com.anke.ice.APIApplication]-[DEBUG] the web service is running!
2015-12-16 14:54:42 [com.anke.ice.APIApplication]-[DEBUG] the web service is running!
2015-12-16 14:57:23 [com.anke.ice.APIApplication]-[DEBUG] the web service is running!
2015-12-16 15:01:08 [com.anke.ice.APIApplication]-[DEBUG] the web service is running!
2015-12-16 15:01:59 [com.anke.ice.APIApplication]-[DEBUG] the web service is running!
2015-12-16 15:03:32 [com.anke.ice.APIApplication]-[DEBUG] the web service is running!
2015-12-16 15:04:31 [com.anke.ice.APIApplication]-[DEBUG] the web service is running!
2015-12-16 15:23:39 [com.anke.ice.APIApplication]-[DEBUG] the web service is running!
2015-12-16 15:31:10 [com.anke.ice.APIApplication]-[DEBUG] the web service is running!
2015-12-18 16:36:20 [com.anke.ice.dao.DBHelper]-[ERROR] 生成接入点编号出错
2015-12-18 16:36:20 [com.anke.ice.APIApplication]-[DEBUG] the web service is running!
2015-12-21 15:04:32 [com.anke.ice.dao.DBHelper]-[ERROR] 生成接入点编号出错
2015-12-21 15:04:32 [com.anke.ice.APIApplication]-[DEBUG] the web service is running!
2015-12-21 15:10:12 [com.anke.ice.dao.DBHelper]-[ERROR] 生成接入点编号出错
2015-12-21 15:10:12 [com.anke.ice.APIApplication]-[DEBUG] the web service is running!
2015-12-21 15:42:26 [com.anke.ice.dao.DBHelper]-[ERROR] 生成接入点编号出错
2015-12-21 15:42:26 [com.anke.ice.APIApplication]-[DEBUG] the web service is running!
2015-12-21 15:48:07 [com.anke.ice.dao.DBHelper]-[ERROR] 生成接入点编号出错
2015-12-21 15:48:07 [com.anke.ice.APIApplication]-[DEBUG] the web service is running!
2015-12-21 15:48:20 [com.anke.ice.servlet.AdminServlet]-[DEBUG] 没有登录，请先登录！
2015-12-21 15:53:03 [com.anke.ice.dao.DBHelper]-[ERROR] 生成接入点编号出错
2015-12-21 15:53:03 [com.anke.ice.APIApplication]-[DEBUG] the web service is running!
2015-12-21 15:54:37 [com.anke.ice.dao.DBHelper]-[ERROR] 生成接入点编号出错
2015-12-21 15:54:37 [com.anke.ice.APIApplication]-[DEBUG] the web service is running!
2015-12-21 15:54:41 [com.anke.ice.servlet.AdminServlet]-[DEBUG] 没有登录，请先登录！
2015-12-21 15:54:41 [com.anke.ice.servlet.AdminServlet]-[DEBUG] 没有登录，请先登录！
2015-12-21 15:54:41 [com.anke.ice.servlet.AdminServlet]-[DEBUG] 没有登录，请先登录！
2015-12-21 15:54:41 [com.anke.ice.servlet.AdminServlet]-[DEBUG] 没有登录，请先登录！
2015-12-21 15:54:41 [com.anke.ice.servlet.AdminServlet]-[DEBUG] 没有登录，请先登录！
2015-12-21 15:54:41 [com.anke.ice.servlet.AdminServlet]-[DEBUG] 没有登录，请先登录！
2015-12-21 15:54:41 [com.anke.ice.servlet.AdminServlet]-[DEBUG] 没有登录，请先登录！
2015-12-21 15:54:41 [com.anke.ice.servlet.AdminServlet]-[DEBUG] 没有登录，请先登录！
2015-12-21 15:54:41 [com.anke.ice.servlet.AdminServlet]-[DEBUG] 没有登录，请先登录！
2015-12-21 15:54:41 [com.anke.ice.servlet.AdminServlet]-[DEBUG] 没有登录，请先登录！
2015-12-21 15:54:41 [com.anke.ice.servlet.AdminServlet]-[DEBUG] 没有登录，请先登录！
2015-12-21 15:54:41 [com.anke.ice.servlet.AdminServlet]-[DEBUG] 没有登录，请先登录！
2015-12-21 15:54:41 [com.anke.ice.servlet.AdminServlet]-[DEBUG] 没有登录，请先登录！
2015-12-21 15:54:41 [com.anke.ice.servlet.AdminServlet]-[DEBUG] 没有登录，请先登录！
2015-12-21 15:54:41 [com.anke.ice.servlet.AdminServlet]-[DEBUG] 没有登录，请先登录！
2015-12-21 15:54:41 [com.anke.ice.servlet.AdminServlet]-[DEBUG] 没有登录，请先登录！
2015-12-21 15:54:41 [com.anke.ice.servlet.AdminServlet]-[DEBUG] 没有登录，请先登录！
2015-12-21 15:54:41 [com.anke.ice.servlet.AdminServlet]-[DEBUG] 没有登录，请先登录！
2015-12-21 15:54:41 [com.anke.ice.servlet.AdminServlet]-[DEBUG] 没有登录，请先登录！
2015-12-21 15:54:41 [com.anke.ice.servlet.AdminServlet]-[DEBUG] 没有登录，请先登录！
2015-12-21 15:54:41 [com.anke.ice.servlet.AdminServlet]-[DEBUG] 没有登录，请先登录！
2015-12-21 15:54:49 [com.anke.ice.servlet.AdminServlet]-[DEBUG] 没有登录，请先登录！
2015-12-21 15:54:49 [com.anke.ice.servlet.AdminServlet]-[DEBUG] 没有登录，请先登录！
2015-12-21 15:54:49 [com.anke.ice.servlet.AdminServlet]-[DEBUG] 没有登录，请先登录！
2015-12-21 15:54:49 [com.anke.ice.servlet.AdminServlet]-[DEBUG] 没有登录，请先登录！
2015-12-21 15:54:49 [com.anke.ice.servlet.AdminServlet]-[DEBUG] 没有登录，请先登录！
2015-12-21 15:54:49 [com.anke.ice.servlet.AdminServlet]-[DEBUG] 没有登录，请先登录！
2015-12-21 15:54:49 [com.anke.ice.servlet.AdminServlet]-[DEBUG] 没有登录，请先登录！
2015-12-21 15:54:49 [com.anke.ice.servlet.AdminServlet]-[DEBUG] 没有登录，请先登录！
2015-12-21 15:54:49 [com.anke.ice.servlet.AdminServlet]-[DEBUG] 没有登录，请先登录！
2015-12-21 15:54:49 [com.anke.ice.servlet.AdminServlet]-[DEBUG] 没有登录，请先登录！
2015-12-21 15:54:49 [com.anke.ice.servlet.AdminServlet]-[DEBUG] 没有登录，请先登录！
2015-12-21 15:54:49 [com.anke.ice.servlet.AdminServlet]-[DEBUG] 没有登录，请先登录！
2015-12-21 15:54:49 [com.anke.ice.servlet.AdminServlet]-[DEBUG] 没有登录，请先登录！
2015-12-21 15:54:49 [com.anke.ice.servlet.AdminServlet]-[DEBUG] 没有登录，请先登录！
2015-12-21 15:54:49 [com.anke.ice.servlet.AdminServlet]-[DEBUG] 没有登录，请先登录！
2015-12-21 15:54:49 [com.anke.ice.servlet.AdminServlet]-[DEBUG] 没有登录，请先登录！
2015-12-21 15:54:49 [com.anke.ice.servlet.AdminServlet]-[DEBUG] 没有登录，请先登录！
2015-12-21 15:54:49 [com.anke.ice.servlet.AdminServlet]-[DEBUG] 没有登录，请先登录！
2015-12-21 15:54:49 [com.anke.ice.servlet.AdminServlet]-[DEBUG] 没有登录，请先登录！
2015-12-21 15:54:49 [com.anke.ice.servlet.AdminServlet]-[DEBUG] 没有登录，请先登录！
2015-12-21 15:54:49 [com.anke.ice.servlet.AdminServlet]-[DEBUG] 没有登录，请先登录！
2015-12-21 15:54:52 [com.anke.ice.servlet.AdminServlet]-[DEBUG] 没有登录，请先登录！
2015-12-21 15:54:52 [com.anke.ice.servlet.AdminServlet]-[DEBUG] 没有登录，请先登录！
2015-12-21 15:54:52 [com.anke.ice.servlet.AdminServlet]-[DEBUG] 没有登录，请先登录！
2015-12-21 15:54:52 [com.anke.ice.servlet.AdminServlet]-[DEBUG] 没有登录，请先登录！
2015-12-21 15:54:52 [com.anke.ice.servlet.AdminServlet]-[DEBUG] 没有登录，请先登录！
2015-12-21 15:54:52 [com.anke.ice.servlet.AdminServlet]-[DEBUG] 没有登录，请先登录！
2015-12-21 15:54:52 [com.anke.ice.servlet.AdminServlet]-[DEBUG] 没有登录，请先登录！
2015-12-21 15:54:52 [com.anke.ice.servlet.AdminServlet]-[DEBUG] 没有登录，请先登录！
2015-12-21 15:54:52 [com.anke.ice.servlet.AdminServlet]-[DEBUG] 没有登录，请先登录！
2015-12-21 15:54:52 [com.anke.ice.servlet.AdminServlet]-[DEBUG] 没有登录，请先登录！
2015-12-21 15:54:52 [com.anke.ice.servlet.AdminServlet]-[DEBUG] 没有登录，请先登录！
2015-12-21 15:54:52 [com.anke.ice.servlet.AdminServlet]-[DEBUG] 没有登录，请先登录！
2015-12-21 15:54:52 [com.anke.ice.servlet.AdminServlet]-[DEBUG] 没有登录，请先登录！
2015-12-21 15:54:52 [com.anke.ice.servlet.AdminServlet]-[DEBUG] 没有登录，请先登录！
2015-12-21 15:54:52 [com.anke.ice.servlet.AdminServlet]-[DEBUG] 没有登录，请先登录！
2015-12-21 15:54:52 [com.anke.ice.servlet.AdminServlet]-[DEBUG] 没有登录，请先登录！
2015-12-21 15:54:52 [com.anke.ice.servlet.AdminServlet]-[DEBUG] 没有登录，请先登录！
2015-12-21 15:54:52 [com.anke.ice.servlet.AdminServlet]-[DEBUG] 没有登录，请先登录！
2015-12-21 15:54:52 [com.anke.ice.servlet.AdminServlet]-[DEBUG] 没有登录，请先登录！
2015-12-21 15:54:52 [com.anke.ice.servlet.AdminServlet]-[DEBUG] 没有登录，请先登录！
2015-12-21 15:54:52 [com.anke.ice.servlet.AdminServlet]-[DEBUG] 没有登录，请先登录！
2015-12-21 15:55:23 [com.anke.ice.dao.DBHelper]-[ERROR] 生成接入点编号出错
2015-12-21 15:55:23 [com.anke.ice.APIApplication]-[DEBUG] the web service is running!
2015-12-21 15:55:26 [com.anke.ice.servlet.AdminServlet]-[DEBUG] 没有登录，请先登录！
2015-12-21 15:55:26 [com.anke.ice.servlet.AdminServlet]-[DEBUG] 没有登录，请先登录！
2015-12-21 15:55:26 [com.anke.ice.servlet.AdminServlet]-[DEBUG] 没有登录，请先登录！
2015-12-21 15:55:26 [com.anke.ice.servlet.AdminServlet]-[DEBUG] 没有登录，请先登录！
2015-12-21 15:55:26 [com.anke.ice.servlet.AdminServlet]-[DEBUG] 没有登录，请先登录！
2015-12-21 15:55:26 [com.anke.ice.servlet.AdminServlet]-[DEBUG] 没有登录，请先登录！
2015-12-21 15:55:26 [com.anke.ice.servlet.AdminServlet]-[DEBUG] 没有登录，请先登录！
2015-12-21 15:55:26 [com.anke.ice.servlet.AdminServlet]-[DEBUG] 没有登录，请先登录！
2015-12-21 15:55:26 [com.anke.ice.servlet.AdminServlet]-[DEBUG] 没有登录，请先登录！
2015-12-21 15:55:26 [com.anke.ice.servlet.AdminServlet]-[DEBUG] 没有登录，请先登录！
2015-12-21 15:55:26 [com.anke.ice.servlet.AdminServlet]-[DEBUG] 没有登录，请先登录！
2015-12-21 15:55:26 [com.anke.ice.servlet.AdminServlet]-[DEBUG] 没有登录，请先登录！
2015-12-21 15:55:26 [com.anke.ice.servlet.AdminServlet]-[DEBUG] 没有登录，请先登录！
2015-12-21 15:55:26 [com.anke.ice.servlet.AdminServlet]-[DEBUG] 没有登录，请先登录！
2015-12-21 15:55:26 [com.anke.ice.servlet.AdminServlet]-[DEBUG] 没有登录，请先登录！
2015-12-21 15:55:26 [com.anke.ice.servlet.AdminServlet]-[DEBUG] 没有登录，请先登录！
2015-12-21 15:55:26 [com.anke.ice.servlet.AdminServlet]-[DEBUG] 没有登录，请先登录！
2015-12-21 15:55:26 [com.anke.ice.servlet.AdminServlet]-[DEBUG] 没有登录，请先登录！
2015-12-21 15:55:26 [com.anke.ice.servlet.AdminServlet]-[DEBUG] 没有登录，请先登录！
2015-12-21 15:55:26 [com.anke.ice.servlet.AdminServlet]-[DEBUG] 没有登录，请先登录！
2015-12-21 15:55:26 [com.anke.ice.servlet.AdminServlet]-[DEBUG] 没有登录，请先登录！
2015-12-21 15:56:21 [com.anke.ice.dao.DBHelper]-[ERROR] 生成接入点编号出错
2015-12-21 15:56:21 [com.anke.ice.APIApplication]-[DEBUG] the web service is running!
2015-12-21 15:56:24 [com.anke.ice.servlet.AdminServlet]-[DEBUG] 没有登录，请先登录！
2015-12-21 15:56:24 [com.anke.ice.servlet.AdminServlet]-[DEBUG] 没有登录，请先登录！
2015-12-21 15:56:24 [com.anke.ice.servlet.AdminServlet]-[DEBUG] 没有登录，请先登录！
2015-12-21 15:56:24 [com.anke.ice.servlet.AdminServlet]-[DEBUG] 没有登录，请先登录！
2015-12-21 15:56:24 [com.anke.ice.servlet.AdminServlet]-[DEBUG] 没有登录，请先登录！
2015-12-21 15:56:24 [com.anke.ice.servlet.AdminServlet]-[DEBUG] 没有登录，请先登录！
2015-12-21 15:56:24 [com.anke.ice.servlet.AdminServlet]-[DEBUG] 没有登录，请先登录！
2015-12-21 15:56:24 [com.anke.ice.servlet.AdminServlet]-[DEBUG] 没有登录，请先登录！
2015-12-21 15:56:24 [com.anke.ice.servlet.AdminServlet]-[DEBUG] 没有登录，请先登录！
2015-12-21 15:56:24 [com.anke.ice.servlet.AdminServlet]-[DEBUG] 没有登录，请先登录！
2015-12-21 15:56:24 [com.anke.ice.servlet.AdminServlet]-[DEBUG] 没有登录，请先登录！
2015-12-21 15:56:24 [com.anke.ice.servlet.AdminServlet]-[DEBUG] 没有登录，请先登录！
2015-12-21 15:56:24 [com.anke.ice.servlet.AdminServlet]-[DEBUG] 没有登录，请先登录！
2015-12-21 15:56:24 [com.anke.ice.servlet.AdminServlet]-[DEBUG] 没有登录，请先登录！
2015-12-21 15:56:24 [com.anke.ice.servlet.AdminServlet]-[DEBUG] 没有登录，请先登录！
2015-12-21 15:56:24 [com.anke.ice.servlet.AdminServlet]-[DEBUG] 没有登录，请先登录！
2015-12-21 15:56:24 [com.anke.ice.servlet.AdminServlet]-[DEBUG] 没有登录，请先登录！
2015-12-21 15:56:24 [com.anke.ice.servlet.AdminServlet]-[DEBUG] 没有登录，请先登录！
2015-12-21 15:56:24 [com.anke.ice.servlet.AdminServlet]-[DEBUG] 没有登录，请先登录！
2015-12-21 15:56:24 [com.anke.ice.servlet.AdminServlet]-[DEBUG] 没有登录，请先登录！
2015-12-21 15:56:24 [com.anke.ice.servlet.AdminServlet]-[DEBUG] 没有登录，请先登录！
2015-12-21 15:57:40 [com.anke.ice.dao.DBHelper]-[ERROR] 生成接入点编号出错
2015-12-21 15:57:40 [com.anke.ice.APIApplication]-[DEBUG] the web service is running!
2015-12-21 15:57:43 [com.anke.ice.servlet.AdminServlet]-[DEBUG] 没有登录，请先登录！
2015-12-21 15:57:43 [com.anke.ice.servlet.AdminServlet]-[DEBUG] 没有登录，请先登录！
2015-12-21 15:57:43 [com.anke.ice.servlet.AdminServlet]-[DEBUG] 没有登录，请先登录！
2015-12-21 15:57:43 [com.anke.ice.servlet.AdminServlet]-[DEBUG] 没有登录，请先登录！
2015-12-21 15:57:43 [com.anke.ice.servlet.AdminServlet]-[DEBUG] 没有登录，请先登录！
2015-12-21 15:57:43 [com.anke.ice.servlet.AdminServlet]-[DEBUG] 没有登录，请先登录！
2015-12-21 15:57:43 [com.anke.ice.servlet.AdminServlet]-[DEBUG] 没有登录，请先登录！
2015-12-21 15:57:43 [com.anke.ice.servlet.AdminServlet]-[DEBUG] 没有登录，请先登录！
2015-12-21 15:57:43 [com.anke.ice.servlet.AdminServlet]-[DEBUG] 没有登录，请先登录！
2015-12-21 15:57:43 [com.anke.ice.servlet.AdminServlet]-[DEBUG] 没有登录，请先登录！
2015-12-21 15:57:43 [com.anke.ice.servlet.AdminServlet]-[DEBUG] 没有登录，请先登录！
2015-12-21 15:57:43 [com.anke.ice.servlet.AdminServlet]-[DEBUG] 没有登录，请先登录！
2015-12-21 15:57:43 [com.anke.ice.servlet.AdminServlet]-[DEBUG] 没有登录，请先登录！
2015-12-21 15:57:43 [com.anke.ice.servlet.AdminServlet]-[DEBUG] 没有登录，请先登录！
2015-12-21 15:57:43 [com.anke.ice.servlet.AdminServlet]-[DEBUG] 没有登录，请先登录！
2015-12-21 15:57:43 [com.anke.ice.servlet.AdminServlet]-[DEBUG] 没有登录，请先登录！
2015-12-21 15:57:43 [com.anke.ice.servlet.AdminServlet]-[DEBUG] 没有登录，请先登录！
2015-12-21 15:57:43 [com.anke.ice.servlet.AdminServlet]-[DEBUG] 没有登录，请先登录！
2015-12-21 15:57:43 [com.anke.ice.servlet.AdminServlet]-[DEBUG] 没有登录，请先登录！
2015-12-21 15:57:43 [com.anke.ice.servlet.AdminServlet]-[DEBUG] 没有登录，请先登录！
2015-12-21 15:57:43 [com.anke.ice.servlet.AdminServlet]-[DEBUG] 没有登录，请先登录！
2015-12-21 15:57:43 [com.anke.ice.servlet.AdminServlet]-[DEBUG] 没有登录，请先登录！
2015-12-21 15:57:43 [com.anke.ice.servlet.AdminServlet]-[DEBUG] 没有登录，请先登录！
2015-12-21 15:57:43 [com.anke.ice.servlet.AdminServlet]-[DEBUG] 没有登录，请先登录！
2015-12-21 15:57:43 [com.anke.ice.servlet.AdminServlet]-[DEBUG] 没有登录，请先登录！
2015-12-21 15:57:43 [com.anke.ice.servlet.AdminServlet]-[DEBUG] 没有登录，请先登录！
2015-12-21 15:57:43 [com.anke.ice.servlet.AdminServlet]-[DEBUG] 没有登录，请先登录！
2015-12-21 15:57:43 [com.anke.ice.servlet.AdminServlet]-[DEBUG] 没有登录，请先登录！
2015-12-21 15:57:43 [com.anke.ice.servlet.AdminServlet]-[DEBUG] 没有登录，请先登录！
2015-12-21 15:57:43 [com.anke.ice.servlet.AdminServlet]-[DEBUG] 没有登录，请先登录！
2015-12-21 15:57:43 [com.anke.ice.servlet.AdminServlet]-[DEBUG] 没有登录，请先登录！
2015-12-21 15:57:43 [com.anke.ice.servlet.AdminServlet]-[DEBUG] 没有登录，请先登录！
2015-12-21 15:57:43 [com.anke.ice.servlet.AdminServlet]-[DEBUG] 没有登录，请先登录！
2015-12-21 15:57:43 [com.anke.ice.servlet.AdminServlet]-[DEBUG] 没有登录，请先登录！
2015-12-21 15:57:43 [com.anke.ice.servlet.AdminServlet]-[DEBUG] 没有登录，请先登录！
2015-12-21 15:57:43 [com.anke.ice.servlet.AdminServlet]-[DEBUG] 没有登录，请先登录！
2015-12-21 15:57:43 [com.anke.ice.servlet.AdminServlet]-[DEBUG] 没有登录，请先登录！
2015-12-21 15:57:43 [com.anke.ice.servlet.AdminServlet]-[DEBUG] 没有登录，请先登录！
2015-12-21 15:57:43 [com.anke.ice.servlet.AdminServlet]-[DEBUG] 没有登录，请先登录！
2015-12-21 15:57:43 [com.anke.ice.servlet.AdminServlet]-[DEBUG] 没有登录，请先登录！
2015-12-21 15:57:43 [com.anke.ice.servlet.AdminServlet]-[DEBUG] 没有登录，请先登录！
2015-12-21 15:57:43 [com.anke.ice.servlet.AdminServlet]-[DEBUG] 没有登录，请先登录！
2015-12-21 15:57:43 [com.anke.ice.servlet.AdminServlet]-[DEBUG] 没有登录，请先登录！
2015-12-21 15:57:43 [com.anke.ice.servlet.AdminServlet]-[DEBUG] 没有登录，请先登录！
2015-12-21 15:57:43 [com.anke.ice.servlet.AdminServlet]-[DEBUG] 没有登录，请先登录！
2015-12-21 15:57:43 [com.anke.ice.servlet.AdminServlet]-[DEBUG] 没有登录，请先登录！
2015-12-21 15:57:43 [com.anke.ice.servlet.AdminServlet]-[DEBUG] 没有登录，请先登录！
2015-12-21 15:57:43 [com.anke.ice.servlet.AdminServlet]-[DEBUG] 没有登录，请先登录！
2015-12-21 15:57:43 [com.anke.ice.servlet.AdminServlet]-[DEBUG] 没有登录，请先登录！
2015-12-21 15:57:43 [com.anke.ice.servlet.AdminServlet]-[DEBUG] 没有登录，请先登录！
2015-12-21 15:57:43 [com.anke.ice.servlet.AdminServlet]-[DEBUG] 没有登录，请先登录！
2015-12-21 15:57:43 [com.anke.ice.servlet.AdminServlet]-[DEBUG] 没有登录，请先登录！
2015-12-21 15:57:43 [com.anke.ice.servlet.AdminServlet]-[DEBUG] 没有登录，请先登录！
2015-12-21 15:57:43 [com.anke.ice.servlet.AdminServlet]-[DEBUG] 没有登录，请先登录！
2015-12-21 15:57:43 [com.anke.ice.servlet.AdminServlet]-[DEBUG] 没有登录，请先登录！
2015-12-21 15:57:43 [com.anke.ice.servlet.AdminServlet]-[DEBUG] 没有登录，请先登录！
2015-12-21 15:57:43 [com.anke.ice.servlet.AdminServlet]-[DEBUG] 没有登录，请先登录！
2015-12-21 15:57:43 [com.anke.ice.servlet.AdminServlet]-[DEBUG] 没有登录，请先登录！
2015-12-21 15:57:43 [com.anke.ice.servlet.AdminServlet]-[DEBUG] 没有登录，请先登录！
2015-12-21 15:57:43 [com.anke.ice.servlet.AdminServlet]-[DEBUG] 没有登录，请先登录！
2015-12-21 15:57:43 [com.anke.ice.servlet.AdminServlet]-[DEBUG] 没有登录，请先登录！
2015-12-21 15:57:43 [com.anke.ice.servlet.AdminServlet]-[DEBUG] 没有登录，请先登录！
2015-12-21 15:57:43 [com.anke.ice.servlet.AdminServlet]-[DEBUG] 没有登录，请先登录！
2015-12-21 15:57:43 [com.anke.ice.servlet.AdminServlet]-[DEBUG] 没有登录，请先登录！
2015-12-21 15:57:43 [com.anke.ice.servlet.AdminServlet]-[DEBUG] 没有登录，请先登录！
2015-12-21 15:57:43 [com.anke.ice.servlet.AdminServlet]-[DEBUG] 没有登录，请先登录！
2015-12-21 15:57:43 [com.anke.ice.servlet.AdminServlet]-[DEBUG] 没有登录，请先登录！
2015-12-21 15:57:43 [com.anke.ice.servlet.AdminServlet]-[DEBUG] 没有登录，请先登录！
2015-12-21 15:57:43 [com.anke.ice.servlet.AdminServlet]-[DEBUG] 没有登录，请先登录！
2015-12-21 15:57:43 [com.anke.ice.servlet.AdminServlet]-[DEBUG] 没有登录，请先登录！
2015-12-21 15:57:43 [com.anke.ice.servlet.AdminServlet]-[DEBUG] 没有登录，请先登录！
2015-12-21 15:57:43 [com.anke.ice.servlet.AdminServlet]-[DEBUG] 没有登录，请先登录！
2015-12-21 15:57:43 [com.anke.ice.servlet.AdminServlet]-[DEBUG] 没有登录，请先登录！
2015-12-21 15:57:43 [com.anke.ice.servlet.AdminServlet]-[DEBUG] 没有登录，请先登录！
2015-12-21 15:57:43 [com.anke.ice.servlet.AdminServlet]-[DEBUG] 没有登录，请先登录！
2015-12-21 15:57:43 [com.anke.ice.servlet.AdminServlet]-[DEBUG] 没有登录，请先登录！
2015-12-21 15:57:43 [com.anke.ice.servlet.AdminServlet]-[DEBUG] 没有登录，请先登录！
2015-12-21 15:57:43 [com.anke.ice.servlet.AdminServlet]-[DEBUG] 没有登录，请先登录！
2015-12-21 15:57:43 [com.anke.ice.servlet.AdminServlet]-[DEBUG] 没有登录，请先登录！
2015-12-21 15:57:43 [com.anke.ice.servlet.AdminServlet]-[DEBUG] 没有登录，请先登录！
2015-12-21 15:57:43 [com.anke.ice.servlet.AdminServlet]-[DEBUG] 没有登录，请先登录！
2015-12-21 15:57:43 [com.anke.ice.servlet.AdminServlet]-[DEBUG] 没有登录，请先登录！
2015-12-21 15:57:43 [com.anke.ice.servlet.AdminServlet]-[DEBUG] 没有登录，请先登录！
2015-12-21 15:57:43 [com.anke.ice.servlet.AdminServlet]-[DEBUG] 没有登录，请先登录！
2015-12-21 15:57:43 [com.anke.ice.servlet.AdminServlet]-[DEBUG] 没有登录，请先登录！
2015-12-21 15:57:43 [com.anke.ice.servlet.AdminServlet]-[DEBUG] 没有登录，请先登录！
2015-12-21 15:57:43 [com.anke.ice.servlet.AdminServlet]-[DEBUG] 没有登录，请先登录！
2015-12-21 15:57:43 [com.anke.ice.servlet.AdminServlet]-[DEBUG] 没有登录，请先登录！
2015-12-21 15:57:43 [com.anke.ice.servlet.AdminServlet]-[DEBUG] 没有登录，请先登录！
2015-12-21 15:57:43 [com.anke.ice.servlet.AdminServlet]-[DEBUG] 没有登录，请先登录！
2015-12-21 15:57:43 [com.anke.ice.servlet.AdminServlet]-[DEBUG] 没有登录，请先登录！
2015-12-21 15:57:43 [com.anke.ice.servlet.AdminServlet]-[DEBUG] 没有登录，请先登录！
2015-12-21 15:57:43 [com.anke.ice.servlet.AdminServlet]-[DEBUG] 没有登录，请先登录！
2015-12-21 15:57:43 [com.anke.ice.servlet.AdminServlet]-[DEBUG] 没有登录，请先登录！
2015-12-21 15:57:43 [com.anke.ice.servlet.AdminServlet]-[DEBUG] 没有登录，请先登录！
2015-12-21 15:57:43 [com.anke.ice.servlet.AdminServlet]-[DEBUG] 没有登录，请先登录！
2015-12-21 15:57:43 [com.anke.ice.servlet.AdminServlet]-[DEBUG] 没有登录，请先登录！
2015-12-21 15:57:43 [com.anke.ice.servlet.AdminServlet]-[DEBUG] 没有登录，请先登录！
2015-12-21 15:57:43 [com.anke.ice.servlet.AdminServlet]-[DEBUG] 没有登录，请先登录！
2015-12-21 15:57:43 [com.anke.ice.servlet.AdminServlet]-[DEBUG] 没有登录，请先登录！
2015-12-21 15:57:43 [com.anke.ice.servlet.AdminServlet]-[DEBUG] 没有登录，请先登录！
2015-12-21 15:57:43 [com.anke.ice.servlet.AdminServlet]-[DEBUG] 没有登录，请先登录！
2015-12-21 15:57:43 [com.anke.ice.servlet.AdminServlet]-[DEBUG] 没有登录，请先登录！
2015-12-21 15:57:43 [com.anke.ice.servlet.AdminServlet]-[DEBUG] 没有登录，请先登录！
2015-12-21 15:57:43 [com.anke.ice.servlet.AdminServlet]-[DEBUG] 没有登录，请先登录！
2015-12-21 15:57:43 [com.anke.ice.servlet.AdminServlet]-[DEBUG] 没有登录，请先登录！
2015-12-21 15:57:43 [com.anke.ice.servlet.AdminServlet]-[DEBUG] 没有登录，请先登录！
2015-12-21 15:57:43 [com.anke.ice.servlet.AdminServlet]-[DEBUG] 没有登录，请先登录！
2015-12-21 15:57:43 [com.anke.ice.servlet.AdminServlet]-[DEBUG] 没有登录，请先登录！
2015-12-21 15:57:43 [com.anke.ice.servlet.AdminServlet]-[DEBUG] 没有登录，请先登录！
2015-12-21 15:57:43 [com.anke.ice.servlet.AdminServlet]-[DEBUG] 没有登录，请先登录！
2015-12-21 15:57:43 [com.anke.ice.servlet.AdminServlet]-[DEBUG] 没有登录，请先登录！
2015-12-21 15:57:43 [com.anke.ice.servlet.AdminServlet]-[DEBUG] 没有登录，请先登录！
2015-12-21 15:57:43 [com.anke.ice.servlet.AdminServlet]-[DEBUG] 没有登录，请先登录！
2015-12-21 15:57:43 [com.anke.ice.servlet.AdminServlet]-[DEBUG] 没有登录，请先登录！
2015-12-21 15:57:43 [com.anke.ice.servlet.AdminServlet]-[DEBUG] 没有登录，请先登录！
2015-12-21 15:57:43 [com.anke.ice.servlet.AdminServlet]-[DEBUG] 没有登录，请先登录！
2015-12-21 15:57:43 [com.anke.ice.servlet.AdminServlet]-[DEBUG] 没有登录，请先登录！
2015-12-21 15:57:43 [com.anke.ice.servlet.AdminServlet]-[DEBUG] 没有登录，请先登录！
2015-12-21 15:57:43 [com.anke.ice.servlet.AdminServlet]-[DEBUG] 没有登录，请先登录！
2015-12-21 15:57:43 [com.anke.ice.servlet.AdminServlet]-[DEBUG] 没有登录，请先登录！
2015-12-21 15:57:43 [com.anke.ice.servlet.AdminServlet]-[DEBUG] 没有登录，请先登录！
2015-12-21 15:57:43 [com.anke.ice.servlet.AdminServlet]-[DEBUG] 没有登录，请先登录！
2015-12-21 15:57:43 [com.anke.ice.servlet.AdminServlet]-[DEBUG] 没有登录，请先登录！
2015-12-21 15:57:43 [com.anke.ice.servlet.AdminServlet]-[DEBUG] 没有登录，请先登录！
2015-12-21 15:57:43 [com.anke.ice.servlet.AdminServlet]-[DEBUG] 没有登录，请先登录！
2015-12-21 15:57:43 [com.anke.ice.servlet.AdminServlet]-[DEBUG] 没有登录，请先登录！
2015-12-21 15:57:43 [com.anke.ice.servlet.AdminServlet]-[DEBUG] 没有登录，请先登录！
2015-12-21 15:57:43 [com.anke.ice.servlet.AdminServlet]-[DEBUG] 没有登录，请先登录！
2015-12-21 15:57:43 [com.anke.ice.servlet.AdminServlet]-[DEBUG] 没有登录，请先登录！
2015-12-21 15:57:43 [com.anke.ice.servlet.AdminServlet]-[DEBUG] 没有登录，请先登录！
2015-12-21 15:57:43 [com.anke.ice.servlet.AdminServlet]-[DEBUG] 没有登录，请先登录！
2015-12-21 15:57:43 [com.anke.ice.servlet.AdminServlet]-[DEBUG] 没有登录，请先登录！
2015-12-21 15:57:43 [com.anke.ice.servlet.AdminServlet]-[DEBUG] 没有登录，请先登录！
2015-12-21 15:57:43 [com.anke.ice.servlet.AdminServlet]-[DEBUG] 没有登录，请先登录！
2015-12-21 15:57:43 [com.anke.ice.servlet.AdminServlet]-[DEBUG] 没有登录，请先登录！
2015-12-21 15:57:43 [com.anke.ice.servlet.AdminServlet]-[DEBUG] 没有登录，请先登录！
2015-12-21 15:57:43 [com.anke.ice.servlet.AdminServlet]-[DEBUG] 没有登录，请先登录！
2015-12-21 15:57:43 [com.anke.ice.servlet.AdminServlet]-[DEBUG] 没有登录，请先登录！
2015-12-21 15:57:43 [com.anke.ice.servlet.AdminServlet]-[DEBUG] 没有登录，请先登录！
2015-12-21 15:57:43 [com.anke.ice.servlet.AdminServlet]-[DEBUG] 没有登录，请先登录！
2015-12-21 15:57:43 [com.anke.ice.servlet.AdminServlet]-[DEBUG] 没有登录，请先登录！
2015-12-21 15:57:43 [com.anke.ice.servlet.AdminServlet]-[DEBUG] 没有登录，请先登录！
2015-12-21 15:57:43 [com.anke.ice.servlet.AdminServlet]-[DEBUG] 没有登录，请先登录！
2015-12-21 15:57:43 [com.anke.ice.servlet.AdminServlet]-[DEBUG] 没有登录，请先登录！
2015-12-21 15:57:43 [com.anke.ice.servlet.AdminServlet]-[DEBUG] 没有登录，请先登录！
2015-12-21 15:57:43 [com.anke.ice.servlet.AdminServlet]-[DEBUG] 没有登录，请先登录！
2015-12-21 15:57:43 [com.anke.ice.servlet.AdminServlet]-[DEBUG] 没有登录，请先登录！
2015-12-21 15:57:43 [com.anke.ice.servlet.AdminServlet]-[DEBUG] 没有登录，请先登录！
2015-12-21 15:57:43 [com.anke.ice.servlet.AdminServlet]-[DEBUG] 没有登录，请先登录！
2015-12-21 15:57:43 [com.anke.ice.servlet.AdminServlet]-[DEBUG] 没有登录，请先登录！
2015-12-21 15:57:43 [com.anke.ice.servlet.AdminServlet]-[DEBUG] 没有登录，请先登录！
2015-12-21 15:57:43 [com.anke.ice.servlet.AdminServlet]-[DEBUG] 没有登录，请先登录！
2015-12-21 15:57:43 [com.anke.ice.servlet.AdminServlet]-[DEBUG] 没有登录，请先登录！
2015-12-21 15:57:43 [com.anke.ice.servlet.AdminServlet]-[DEBUG] 没有登录，请先登录！
2015-12-21 15:57:43 [com.anke.ice.servlet.AdminServlet]-[DEBUG] 没有登录，请先登录！
2015-12-21 15:57:43 [com.anke.ice.servlet.AdminServlet]-[DEBUG] 没有登录，请先登录！
2015-12-21 15:57:43 [com.anke.ice.servlet.AdminServlet]-[DEBUG] 没有登录，请先登录！
2015-12-21 15:57:43 [com.anke.ice.servlet.AdminServlet]-[DEBUG] 没有登录，请先登录！
2015-12-21 15:57:43 [com.anke.ice.servlet.AdminServlet]-[DEBUG] 没有登录，请先登录！
2015-12-21 15:57:43 [com.anke.ice.servlet.AdminServlet]-[DEBUG] 没有登录，请先登录！
2015-12-21 15:57:43 [com.anke.ice.servlet.AdminServlet]-[DEBUG] 没有登录，请先登录！
2015-12-21 15:57:43 [com.anke.ice.servlet.AdminServlet]-[DEBUG] 没有登录，请先登录！
2015-12-21 15:57:43 [com.anke.ice.servlet.AdminServlet]-[DEBUG] 没有登录，请先登录！
2015-12-21 15:57:43 [com.anke.ice.servlet.AdminServlet]-[DEBUG] 没有登录，请先登录！
2015-12-21 15:57:43 [com.anke.ice.servlet.AdminServlet]-[DEBUG] 没有登录，请先登录！
2015-12-21 15:57:43 [com.anke.ice.servlet.AdminServlet]-[DEBUG] 没有登录，请先登录！
2015-12-21 15:57:43 [com.anke.ice.servlet.AdminServlet]-[DEBUG] 没有登录，请先登录！
2015-12-21 15:57:43 [com.anke.ice.servlet.AdminServlet]-[DEBUG] 没有登录，请先登录！
2015-12-21 15:57:43 [com.anke.ice.servlet.AdminServlet]-[DEBUG] 没有登录，请先登录！
2015-12-21 15:57:43 [com.anke.ice.servlet.AdminServlet]-[DEBUG] 没有登录，请先登录！
2015-12-21 15:57:43 [com.anke.ice.servlet.AdminServlet]-[DEBUG] 没有登录，请先登录！
2015-12-21 15:57:43 [com.anke.ice.servlet.AdminServlet]-[DEBUG] 没有登录，请先登录！
2015-12-21 15:57:43 [com.anke.ice.servlet.AdminServlet]-[DEBUG] 没有登录，请先登录！
2015-12-21 15:57:43 [com.anke.ice.servlet.AdminServlet]-[DEBUG] 没有登录，请先登录！
2015-12-21 15:57:43 [com.anke.ice.servlet.AdminServlet]-[DEBUG] 没有登录，请先登录！
2015-12-21 15:57:43 [com.anke.ice.servlet.AdminServlet]-[DEBUG] 没有登录，请先登录！
2015-12-21 15:57:43 [com.anke.ice.servlet.AdminServlet]-[DEBUG] 没有登录，请先登录！
2015-12-21 15:57:43 [com.anke.ice.servlet.AdminServlet]-[DEBUG] 没有登录，请先登录！
2015-12-21 15:57:43 [com.anke.ice.servlet.AdminServlet]-[DEBUG] 没有登录，请先登录！
2015-12-21 15:57:43 [com.anke.ice.servlet.AdminServlet]-[DEBUG] 没有登录，请先登录！
2015-12-21 15:57:43 [com.anke.ice.servlet.AdminServlet]-[DEBUG] 没有登录，请先登录！
2015-12-21 15:57:43 [com.anke.ice.servlet.AdminServlet]-[DEBUG] 没有登录，请先登录！
2015-12-21 15:57:43 [com.anke.ice.servlet.AdminServlet]-[DEBUG] 没有登录，请先登录！
2015-12-21 15:57:43 [com.anke.ice.servlet.AdminServlet]-[DEBUG] 没有登录，请先登录！
2015-12-21 15:57:43 [com.anke.ice.servlet.AdminServlet]-[DEBUG] 没有登录，请先登录！
2015-12-21 15:57:43 [com.anke.ice.servlet.AdminServlet]-[DEBUG] 没有登录，请先登录！
2015-12-21 15:57:43 [com.anke.ice.servlet.AdminServlet]-[DEBUG] 没有登录，请先登录！
2015-12-21 15:57:43 [com.anke.ice.servlet.AdminServlet]-[DEBUG] 没有登录，请先登录！
2015-12-21 15:57:43 [com.anke.ice.servlet.AdminServlet]-[DEBUG] 没有登录，请先登录！
2015-12-21 15:57:43 [com.anke.ice.servlet.AdminServlet]-[DEBUG] 没有登录，请先登录！
2015-12-21 15:57:43 [com.anke.ice.servlet.AdminServlet]-[DEBUG] 没有登录，请先登录！
2015-12-21 15:57:43 [com.anke.ice.servlet.AdminServlet]-[DEBUG] 没有登录，请先登录！
2015-12-21 15:57:43 [com.anke.ice.servlet.AdminServlet]-[DEBUG] 没有登录，请先登录！
2015-12-21 15:57:43 [com.anke.ice.servlet.AdminServlet]-[DEBUG] 没有登录，请先登录！
2015-12-21 15:57:43 [com.anke.ice.servlet.AdminServlet]-[DEBUG] 没有登录，请先登录！
2015-12-21 15:57:43 [com.anke.ice.servlet.AdminServlet]-[DEBUG] 没有登录，请先登录！
2015-12-21 15:57:43 [com.anke.ice.servlet.AdminServlet]-[DEBUG] 没有登录，请先登录！
2015-12-21 15:57:43 [com.anke.ice.servlet.AdminServlet]-[DEBUG] 没有登录，请先登录！
2015-12-21 15:57:43 [com.anke.ice.servlet.AdminServlet]-[DEBUG] 没有登录，请先登录！
2015-12-21 15:57:43 [com.anke.ice.servlet.AdminServlet]-[DEBUG] 没有登录，请先登录！
2015-12-21 15:57:43 [com.anke.ice.servlet.AdminServlet]-[DEBUG] 没有登录，请先登录！
2015-12-21 15:57:43 [com.anke.ice.servlet.AdminServlet]-[DEBUG] 没有登录，请先登录！
2015-12-21 15:57:43 [com.anke.ice.servlet.AdminServlet]-[DEBUG] 没有登录，请先登录！
2015-12-21 15:57:43 [com.anke.ice.servlet.AdminServlet]-[DEBUG] 没有登录，请先登录！
2015-12-21 15:57:43 [com.anke.ice.servlet.AdminServlet]-[DEBUG] 没有登录，请先登录！
2015-12-21 15:57:43 [com.anke.ice.servlet.AdminServlet]-[DEBUG] 没有登录，请先登录！
2015-12-21 15:57:43 [com.anke.ice.servlet.AdminServlet]-[DEBUG] 没有登录，请先登录！
2015-12-21 15:57:43 [com.anke.ice.servlet.AdminServlet]-[DEBUG] 没有登录，请先登录！
2015-12-21 15:57:43 [com.anke.ice.servlet.AdminServlet]-[DEBUG] 没有登录，请先登录！
2015-12-21 15:57:43 [com.anke.ice.servlet.AdminServlet]-[DEBUG] 没有登录，请先登录！
2015-12-21 15:57:43 [com.anke.ice.servlet.AdminServlet]-[DEBUG] 没有登录，请先登录！
2015-12-21 15:57:43 [com.anke.ice.servlet.AdminServlet]-[DEBUG] 没有登录，请先登录！
2015-12-21 15:57:43 [com.anke.ice.servlet.AdminServlet]-[DEBUG] 没有登录，请先登录！
2015-12-21 15:57:43 [com.anke.ice.servlet.AdminServlet]-[DEBUG] 没有登录，请先登录！
2015-12-21 15:57:43 [com.anke.ice.servlet.AdminServlet]-[DEBUG] 没有登录，请先登录！
2015-12-21 15:57:43 [com.anke.ice.servlet.AdminServlet]-[DEBUG] 没有登录，请先登录！
2015-12-21 15:57:43 [com.anke.ice.servlet.AdminServlet]-[DEBUG] 没有登录，请先登录！
2015-12-21 15:57:43 [com.anke.ice.servlet.AdminServlet]-[DEBUG] 没有登录，请先登录！
2015-12-21 15:57:43 [com.anke.ice.servlet.AdminServlet]-[DEBUG] 没有登录，请先登录！
2015-12-21 15:57:43 [com.anke.ice.servlet.AdminServlet]-[DEBUG] 没有登录，请先登录！
2015-12-21 15:57:43 [com.anke.ice.servlet.AdminServlet]-[DEBUG] 没有登录，请先登录！
2015-12-21 15:57:43 [com.anke.ice.servlet.AdminServlet]-[DEBUG] 没有登录，请先登录！
2015-12-21 15:57:43 [com.anke.ice.servlet.AdminServlet]-[DEBUG] 没有登录，请先登录！
2015-12-21 15:57:43 [com.anke.ice.servlet.AdminServlet]-[DEBUG] 没有登录，请先登录！
2015-12-21 15:57:43 [com.anke.ice.servlet.AdminServlet]-[DEBUG] 没有登录，请先登录！
2015-12-21 15:57:43 [com.anke.ice.servlet.AdminServlet]-[DEBUG] 没有登录，请先登录！
2015-12-21 15:57:43 [com.anke.ice.servlet.AdminServlet]-[DEBUG] 没有登录，请先登录！
2015-12-21 15:57:43 [com.anke.ice.servlet.AdminServlet]-[DEBUG] 没有登录，请先登录！
2015-12-21 15:57:43 [com.anke.ice.servlet.AdminServlet]-[DEBUG] 没有登录，请先登录！
2015-12-21 15:57:43 [com.anke.ice.servlet.AdminServlet]-[DEBUG] 没有登录，请先登录！
2015-12-21 15:57:43 [com.anke.ice.servlet.AdminServlet]-[DEBUG] 没有登录，请先登录！
2015-12-21 15:57:43 [com.anke.ice.servlet.AdminServlet]-[DEBUG] 没有登录，请先登录！
2015-12-21 15:57:43 [com.anke.ice.servlet.AdminServlet]-[DEBUG] 没有登录，请先登录！
2015-12-21 15:57:43 [com.anke.ice.servlet.AdminServlet]-[DEBUG] 没有登录，请先登录！
2015-12-21 15:57:43 [com.anke.ice.servlet.AdminServlet]-[DEBUG] 没有登录，请先登录！
2015-12-21 15:57:43 [com.anke.ice.servlet.AdminServlet]-[DEBUG] 没有登录，请先登录！
2015-12-21 15:57:43 [com.anke.ice.servlet.AdminServlet]-[DEBUG] 没有登录，请先登录！
2015-12-21 15:57:43 [com.anke.ice.servlet.AdminServlet]-[DEBUG] 没有登录，请先登录！
2015-12-21 15:57:43 [com.anke.ice.servlet.AdminServlet]-[DEBUG] 没有登录，请先登录！
2015-12-21 15:57:43 [com.anke.ice.servlet.AdminServlet]-[DEBUG] 没有登录，请先登录！
2015-12-21 15:57:43 [com.anke.ice.servlet.AdminServlet]-[DEBUG] 没有登录，请先登录！
2015-12-21 15:57:43 [com.anke.ice.servlet.AdminServlet]-[DEBUG] 没有登录，请先登录！
2015-12-21 15:57:43 [com.anke.ice.servlet.AdminServlet]-[DEBUG] 没有登录，请先登录！
2015-12-21 15:57:43 [com.anke.ice.servlet.AdminServlet]-[DEBUG] 没有登录，请先登录！
2015-12-21 15:57:43 [com.anke.ice.servlet.AdminServlet]-[DEBUG] 没有登录，请先登录！
2015-12-21 15:57:43 [com.anke.ice.servlet.AdminServlet]-[DEBUG] 没有登录，请先登录！
2015-12-21 15:57:43 [com.anke.ice.servlet.AdminServlet]-[DEBUG] 没有登录，请先登录！
2015-12-21 15:57:43 [com.anke.ice.servlet.AdminServlet]-[DEBUG] 没有登录，请先登录！
2015-12-21 15:57:43 [com.anke.ice.servlet.AdminServlet]-[DEBUG] 没有登录，请先登录！
2015-12-21 15:57:43 [com.anke.ice.servlet.AdminServlet]-[DEBUG] 没有登录，请先登录！
2015-12-21 15:57:43 [com.anke.ice.servlet.AdminServlet]-[DEBUG] 没有登录，请先登录！
2015-12-21 15:57:43 [com.anke.ice.servlet.AdminServlet]-[DEBUG] 没有登录，请先登录！
2015-12-21 15:57:43 [com.anke.ice.servlet.AdminServlet]-[DEBUG] 没有登录，请先登录！
2015-12-21 15:57:43 [com.anke.ice.servlet.AdminServlet]-[DEBUG] 没有登录，请先登录！
2015-12-21 15:57:43 [com.anke.ice.servlet.AdminServlet]-[DEBUG] 没有登录，请先登录！
2015-12-21 15:57:43 [com.anke.ice.servlet.AdminServlet]-[DEBUG] 没有登录，请先登录！
2015-12-21 15:57:43 [com.anke.ice.servlet.AdminServlet]-[DEBUG] 没有登录，请先登录！
2015-12-21 15:57:43 [com.anke.ice.servlet.AdminServlet]-[DEBUG] 没有登录，请先登录！
2015-12-21 15:57:43 [com.anke.ice.servlet.AdminServlet]-[DEBUG] 没有登录，请先登录！
2015-12-21 15:57:43 [com.anke.ice.servlet.AdminServlet]-[DEBUG] 没有登录，请先登录！
2015-12-21 15:57:43 [com.anke.ice.servlet.AdminServlet]-[DEBUG] 没有登录，请先登录！
2015-12-21 15:57:43 [com.anke.ice.servlet.AdminServlet]-[DEBUG] 没有登录，请先登录！
2015-12-21 15:57:43 [com.anke.ice.servlet.AdminServlet]-[DEBUG] 没有登录，请先登录！
2015-12-21 15:57:43 [com.anke.ice.servlet.AdminServlet]-[DEBUG] 没有登录，请先登录！
2015-12-21 15:57:43 [com.anke.ice.servlet.AdminServlet]-[DEBUG] 没有登录，请先登录！
2015-12-21 15:57:43 [com.anke.ice.servlet.AdminServlet]-[DEBUG] 没有登录，请先登录！
2015-12-21 15:57:43 [com.anke.ice.servlet.AdminServlet]-[DEBUG] 没有登录，请先登录！
2015-12-21 15:57:43 [com.anke.ice.servlet.AdminServlet]-[DEBUG] 没有登录，请先登录！
2015-12-21 15:57:43 [com.anke.ice.servlet.AdminServlet]-[DEBUG] 没有登录，请先登录！
2015-12-21 15:57:43 [com.anke.ice.servlet.AdminServlet]-[DEBUG] 没有登录，请先登录！
2015-12-21 15:57:43 [com.anke.ice.servlet.AdminServlet]-[DEBUG] 没有登录，请先登录！
2015-12-21 15:57:43 [com.anke.ice.servlet.AdminServlet]-[DEBUG] 没有登录，请先登录！
2015-12-21 15:57:43 [com.anke.ice.servlet.AdminServlet]-[DEBUG] 没有登录，请先登录！
2015-12-21 15:57:43 [com.anke.ice.servlet.AdminServlet]-[DEBUG] 没有登录，请先登录！
2015-12-21 15:57:43 [com.anke.ice.servlet.AdminServlet]-[DEBUG] 没有登录，请先登录！
2015-12-21 15:57:43 [com.anke.ice.servlet.AdminServlet]-[DEBUG] 没有登录，请先登录！
2015-12-21 15:57:43 [com.anke.ice.servlet.AdminServlet]-[DEBUG] 没有登录，请先登录！
2015-12-21 15:57:43 [com.anke.ice.servlet.AdminServlet]-[DEBUG] 没有登录，请先登录！
2015-12-21 15:57:43 [com.anke.ice.servlet.AdminServlet]-[DEBUG] 没有登录，请先登录！
2015-12-21 15:57:43 [com.anke.ice.servlet.AdminServlet]-[DEBUG] 没有登录，请先登录！
2015-12-21 15:57:43 [com.anke.ice.servlet.AdminServlet]-[DEBUG] 没有登录，请先登录！
2015-12-21 15:57:43 [com.anke.ice.servlet.AdminServlet]-[DEBUG] 没有登录，请先登录！
2015-12-21 15:57:43 [com.anke.ice.servlet.AdminServlet]-[DEBUG] 没有登录，请先登录！
2015-12-21 15:57:43 [com.anke.ice.servlet.AdminServlet]-[DEBUG] 没有登录，请先登录！
2015-12-21 15:57:43 [com.anke.ice.servlet.AdminServlet]-[DEBUG] 没有登录，请先登录！
2015-12-21 15:57:43 [com.anke.ice.servlet.AdminServlet]-[DEBUG] 没有登录，请先登录！
2015-12-21 15:57:43 [com.anke.ice.servlet.AdminServlet]-[DEBUG] 没有登录，请先登录！
2015-12-21 15:57:43 [com.anke.ice.servlet.AdminServlet]-[DEBUG] 没有登录，请先登录！
2015-12-21 15:57:43 [com.anke.ice.servlet.AdminServlet]-[DEBUG] 没有登录，请先登录！
2015-12-21 15:57:43 [com.anke.ice.servlet.AdminServlet]-[DEBUG] 没有登录，请先登录！
2015-12-21 15:57:43 [com.anke.ice.servlet.AdminServlet]-[DEBUG] 没有登录，请先登录！
2015-12-21 15:57:43 [com.anke.ice.servlet.AdminServlet]-[DEBUG] 没有登录，请先登录！
2015-12-21 15:57:43 [com.anke.ice.servlet.AdminServlet]-[DEBUG] 没有登录，请先登录！
2015-12-21 15:57:43 [com.anke.ice.servlet.AdminServlet]-[DEBUG] 没有登录，请先登录！
2015-12-21 15:57:43 [com.anke.ice.servlet.AdminServlet]-[DEBUG] 没有登录，请先登录！
2015-12-21 15:57:43 [com.anke.ice.servlet.AdminServlet]-[DEBUG] 没有登录，请先登录！
2015-12-21 15:57:43 [com.anke.ice.servlet.AdminServlet]-[DEBUG] 没有登录，请先登录！
2015-12-21 15:57:43 [com.anke.ice.servlet.AdminServlet]-[DEBUG] 没有登录，请先登录！
2015-12-21 15:57:43 [com.anke.ice.servlet.AdminServlet]-[DEBUG] 没有登录，请先登录！
2015-12-21 15:57:43 [com.anke.ice.servlet.AdminServlet]-[DEBUG] 没有登录，请先登录！
2015-12-21 15:57:43 [com.anke.ice.servlet.AdminServlet]-[DEBUG] 没有登录，请先登录！
2015-12-21 15:57:43 [com.anke.ice.servlet.AdminServlet]-[DEBUG] 没有登录，请先登录！
2015-12-21 15:57:43 [com.anke.ice.servlet.AdminServlet]-[DEBUG] 没有登录，请先登录！
2015-12-21 15:57:43 [com.anke.ice.servlet.AdminServlet]-[DEBUG] 没有登录，请先登录！
2015-12-21 15:57:43 [com.anke.ice.servlet.AdminServlet]-[DEBUG] 没有登录，请先登录！
2015-12-21 15:57:43 [com.anke.ice.servlet.AdminServlet]-[DEBUG] 没有登录，请先登录！
2015-12-21 15:57:43 [com.anke.ice.servlet.AdminServlet]-[DEBUG] 没有登录，请先登录！
2015-12-21 15:57:43 [com.anke.ice.servlet.AdminServlet]-[DEBUG] 没有登录，请先登录！
2015-12-21 15:57:43 [com.anke.ice.servlet.AdminServlet]-[DEBUG] 没有登录，请先登录！
2015-12-21 15:57:43 [com.anke.ice.servlet.AdminServlet]-[DEBUG] 没有登录，请先登录！
2015-12-21 15:57:43 [com.anke.ice.servlet.AdminServlet]-[DEBUG] 没有登录，请先登录！
2015-12-21 15:57:43 [com.anke.ice.servlet.AdminServlet]-[DEBUG] 没有登录，请先登录！
2015-12-21 15:57:43 [com.anke.ice.servlet.AdminServlet]-[DEBUG] 没有登录，请先登录！
2015-12-21 15:57:43 [com.anke.ice.servlet.AdminServlet]-[DEBUG] 没有登录，请先登录！
2015-12-21 15:57:43 [com.anke.ice.servlet.AdminServlet]-[DEBUG] 没有登录，请先登录！
2015-12-21 15:57:43 [com.anke.ice.servlet.AdminServlet]-[DEBUG] 没有登录，请先登录！
2015-12-21 15:57:43 [com.anke.ice.servlet.AdminServlet]-[DEBUG] 没有登录，请先登录！
2015-12-21 15:57:43 [com.anke.ice.servlet.AdminServlet]-[DEBUG] 没有登录，请先登录！
2015-12-21 15:57:43 [com.anke.ice.servlet.AdminServlet]-[DEBUG] 没有登录，请先登录！
2015-12-21 15:57:43 [com.anke.ice.servlet.AdminServlet]-[DEBUG] 没有登录，请先登录！
2015-12-21 15:57:43 [com.anke.ice.servlet.AdminServlet]-[DEBUG] 没有登录，请先登录！
2015-12-21 15:57:43 [com.anke.ice.servlet.AdminServlet]-[DEBUG] 没有登录，请先登录！
2015-12-21 15:57:43 [com.anke.ice.servlet.AdminServlet]-[DEBUG] 没有登录，请先登录！
2015-12-21 15:57:43 [com.anke.ice.servlet.AdminServlet]-[DEBUG] 没有登录，请先登录！
2015-12-21 15:57:43 [com.anke.ice.servlet.AdminServlet]-[DEBUG] 没有登录，请先登录！
2015-12-21 15:57:43 [com.anke.ice.servlet.AdminServlet]-[DEBUG] 没有登录，请先登录！
2015-12-21 15:57:43 [com.anke.ice.servlet.AdminServlet]-[DEBUG] 没有登录，请先登录！
2015-12-21 15:57:43 [com.anke.ice.servlet.AdminServlet]-[DEBUG] 没有登录，请先登录！
2015-12-21 15:57:43 [com.anke.ice.servlet.AdminServlet]-[DEBUG] 没有登录，请先登录！
2015-12-21 15:57:43 [com.anke.ice.servlet.AdminServlet]-[DEBUG] 没有登录，请先登录！
2015-12-21 15:57:43 [com.anke.ice.servlet.AdminServlet]-[DEBUG] 没有登录，请先登录！
2015-12-21 15:57:43 [com.anke.ice.servlet.AdminServlet]-[DEBUG] 没有登录，请先登录！
2015-12-21 15:57:43 [com.anke.ice.servlet.AdminServlet]-[DEBUG] 没有登录，请先登录！
2015-12-21 15:57:43 [com.anke.ice.servlet.AdminServlet]-[DEBUG] 没有登录，请先登录！
2015-12-21 15:57:43 [com.anke.ice.servlet.AdminServlet]-[DEBUG] 没有登录，请先登录！
2015-12-21 15:57:43 [com.anke.ice.servlet.AdminServlet]-[DEBUG] 没有登录，请先登录！
2015-12-21 15:57:43 [com.anke.ice.servlet.AdminServlet]-[DEBUG] 没有登录，请先登录！
2015-12-21 15:57:43 [com.anke.ice.servlet.AdminServlet]-[DEBUG] 没有登录，请先登录！
2015-12-21 15:57:43 [com.anke.ice.servlet.AdminServlet]-[DEBUG] 没有登录，请先登录！
2015-12-21 15:57:43 [com.anke.ice.servlet.AdminServlet]-[DEBUG] 没有登录，请先登录！
2015-12-21 15:57:43 [com.anke.ice.servlet.AdminServlet]-[DEBUG] 没有登录，请先登录！
2015-12-21 15:57:43 [com.anke.ice.servlet.AdminServlet]-[DEBUG] 没有登录，请先登录！
2015-12-21 15:57:43 [com.anke.ice.servlet.AdminServlet]-[DEBUG] 没有登录，请先登录！
2015-12-21 15:57:43 [com.anke.ice.servlet.AdminServlet]-[DEBUG] 没有登录，请先登录！
2015-12-21 15:57:43 [com.anke.ice.servlet.AdminServlet]-[DEBUG] 没有登录，请先登录！
2015-12-21 15:57:43 [com.anke.ice.servlet.AdminServlet]-[DEBUG] 没有登录，请先登录！
2015-12-21 15:57:43 [com.anke.ice.servlet.AdminServlet]-[DEBUG] 没有登录，请先登录！
2015-12-21 15:57:43 [com.anke.ice.servlet.AdminServlet]-[DEBUG] 没有登录，请先登录！
2015-12-21 15:57:43 [com.anke.ice.servlet.AdminServlet]-[DEBUG] 没有登录，请先登录！
2015-12-21 15:57:43 [com.anke.ice.servlet.AdminServlet]-[DEBUG] 没有登录，请先登录！
2015-12-21 15:57:43 [com.anke.ice.servlet.AdminServlet]-[DEBUG] 没有登录，请先登录！
2015-12-21 15:57:43 [com.anke.ice.servlet.AdminServlet]-[DEBUG] 没有登录，请先登录！
2015-12-21 15:57:43 [com.anke.ice.servlet.AdminServlet]-[DEBUG] 没有登录，请先登录！
2015-12-21 15:57:43 [com.anke.ice.servlet.AdminServlet]-[DEBUG] 没有登录，请先登录！
2015-12-21 15:57:43 [com.anke.ice.servlet.AdminServlet]-[DEBUG] 没有登录，请先登录！
2015-12-21 15:57:43 [com.anke.ice.servlet.AdminServlet]-[DEBUG] 没有登录，请先登录！
2015-12-21 15:57:43 [com.anke.ice.servlet.AdminServlet]-[DEBUG] 没有登录，请先登录！
2015-12-21 15:57:43 [com.anke.ice.servlet.AdminServlet]-[DEBUG] 没有登录，请先登录！
2015-12-21 15:57:43 [com.anke.ice.servlet.AdminServlet]-[DEBUG] 没有登录，请先登录！
2015-12-21 15:57:43 [com.anke.ice.servlet.AdminServlet]-[DEBUG] 没有登录，请先登录！
2015-12-21 15:57:43 [com.anke.ice.servlet.AdminServlet]-[DEBUG] 没有登录，请先登录！
2015-12-21 15:57:43 [com.anke.ice.servlet.AdminServlet]-[DEBUG] 没有登录，请先登录！
2015-12-21 15:57:43 [com.anke.ice.servlet.AdminServlet]-[DEBUG] 没有登录，请先登录！
2015-12-21 15:57:43 [com.anke.ice.servlet.AdminServlet]-[DEBUG] 没有登录，请先登录！
2015-12-21 15:57:43 [com.anke.ice.servlet.AdminServlet]-[DEBUG] 没有登录，请先登录！
2015-12-21 15:57:43 [com.anke.ice.servlet.AdminServlet]-[DEBUG] 没有登录，请先登录！
2015-12-21 15:57:43 [com.anke.ice.servlet.AdminServlet]-[DEBUG] 没有登录，请先登录！
2015-12-21 15:57:43 [com.anke.ice.servlet.AdminServlet]-[DEBUG] 没有登录，请先登录！
2015-12-21 15:57:43 [com.anke.ice.servlet.AdminServlet]-[DEBUG] 没有登录，请先登录！
2015-12-21 15:57:43 [com.anke.ice.servlet.AdminServlet]-[DEBUG] 没有登录，请先登录！
2015-12-21 15:57:43 [com.anke.ice.servlet.AdminServlet]-[DEBUG] 没有登录，请先登录！
2015-12-21 15:57:43 [com.anke.ice.servlet.AdminServlet]-[DEBUG] 没有登录，请先登录！
2015-12-21 15:57:43 [com.anke.ice.servlet.AdminServlet]-[DEBUG] 没有登录，请先登录！
2015-12-21 15:57:43 [com.anke.ice.servlet.AdminServlet]-[DEBUG] 没有登录，请先登录！
2015-12-21 15:57:43 [com.anke.ice.servlet.AdminServlet]-[DEBUG] 没有登录，请先登录！
2015-12-21 15:57:43 [com.anke.ice.servlet.AdminServlet]-[DEBUG] 没有登录，请先登录！
2015-12-21 15:57:43 [com.anke.ice.servlet.AdminServlet]-[DEBUG] 没有登录，请先登录！
2015-12-21 15:57:43 [com.anke.ice.servlet.AdminServlet]-[DEBUG] 没有登录，请先登录！
2015-12-21 15:57:43 [com.anke.ice.servlet.AdminServlet]-[DEBUG] 没有登录，请先登录！
2015-12-21 15:57:43 [com.anke.ice.servlet.AdminServlet]-[DEBUG] 没有登录，请先登录！
2015-12-21 15:57:43 [com.anke.ice.servlet.AdminServlet]-[DEBUG] 没有登录，请先登录！
2015-12-21 15:57:43 [com.anke.ice.servlet.AdminServlet]-[DEBUG] 没有登录，请先登录！
2015-12-21 15:57:43 [com.anke.ice.servlet.AdminServlet]-[DEBUG] 没有登录，请先登录！
2015-12-21 15:57:43 [com.anke.ice.servlet.AdminServlet]-[DEBUG] 没有登录，请先登录！
2015-12-21 15:57:43 [com.anke.ice.servlet.AdminServlet]-[DEBUG] 没有登录，请先登录！
2015-12-21 15:57:43 [com.anke.ice.servlet.AdminServlet]-[DEBUG] 没有登录，请先登录！
2015-12-21 15:57:43 [com.anke.ice.servlet.AdminServlet]-[DEBUG] 没有登录，请先登录！
2015-12-21 15:57:43 [com.anke.ice.servlet.AdminServlet]-[DEBUG] 没有登录，请先登录！
2015-12-21 15:57:43 [com.anke.ice.servlet.AdminServlet]-[DEBUG] 没有登录，请先登录！
2015-12-21 15:57:43 [com.anke.ice.servlet.AdminServlet]-[DEBUG] 没有登录，请先登录！
2015-12-21 15:57:43 [com.anke.ice.servlet.AdminServlet]-[DEBUG] 没有登录，请先登录！
2015-12-21 15:57:43 [com.anke.ice.servlet.AdminServlet]-[DEBUG] 没有登录，请先登录！
2015-12-21 15:57:43 [com.anke.ice.servlet.AdminServlet]-[DEBUG] 没有登录，请先登录！
2015-12-21 15:57:43 [com.anke.ice.servlet.AdminServlet]-[DEBUG] 没有登录，请先登录！
2015-12-21 15:57:43 [com.anke.ice.servlet.AdminServlet]-[DEBUG] 没有登录，请先登录！
2015-12-21 15:57:43 [com.anke.ice.servlet.AdminServlet]-[DEBUG] 没有登录，请先登录！
2015-12-21 15:57:43 [com.anke.ice.servlet.AdminServlet]-[DEBUG] 没有登录，请先登录！
2015-12-21 15:57:43 [com.anke.ice.servlet.AdminServlet]-[DEBUG] 没有登录，请先登录！
2015-12-21 15:57:43 [com.anke.ice.servlet.AdminServlet]-[DEBUG] 没有登录，请先登录！
2015-12-21 15:57:43 [com.anke.ice.servlet.AdminServlet]-[DEBUG] 没有登录，请先登录！
2015-12-21 15:57:43 [com.anke.ice.servlet.AdminServlet]-[DEBUG] 没有登录，请先登录！
2015-12-21 15:57:43 [com.anke.ice.servlet.AdminServlet]-[DEBUG] 没有登录，请先登录！
2015-12-21 15:57:43 [com.anke.ice.servlet.AdminServlet]-[DEBUG] 没有登录，请先登录！
2015-12-21 15:57:43 [com.anke.ice.servlet.AdminServlet]-[DEBUG] 没有登录，请先登录！
2015-12-21 15:57:43 [com.anke.ice.servlet.AdminServlet]-[DEBUG] 没有登录，请先登录！
2015-12-21 15:57:43 [com.anke.ice.servlet.AdminServlet]-[DEBUG] 没有登录，请先登录！
2015-12-21 15:57:43 [com.anke.ice.servlet.AdminServlet]-[DEBUG] 没有登录，请先登录！
2015-12-21 15:57:43 [com.anke.ice.servlet.AdminServlet]-[DEBUG] 没有登录，请先登录！
2015-12-21 15:57:43 [com.anke.ice.servlet.AdminServlet]-[DEBUG] 没有登录，请先登录！
2015-12-21 15:57:43 [com.anke.ice.servlet.AdminServlet]-[DEBUG] 没有登录，请先登录！
2015-12-21 15:57:43 [com.anke.ice.servlet.AdminServlet]-[DEBUG] 没有登录，请先登录！
2015-12-21 15:57:43 [com.anke.ice.servlet.AdminServlet]-[DEBUG] 没有登录，请先登录！
2015-12-21 15:57:43 [com.anke.ice.servlet.AdminServlet]-[DEBUG] 没有登录，请先登录！
2015-12-21 15:57:43 [com.anke.ice.servlet.AdminServlet]-[DEBUG] 没有登录，请先登录！
2015-12-21 15:57:43 [com.anke.ice.servlet.AdminServlet]-[DEBUG] 没有登录，请先登录！
2015-12-21 15:57:43 [com.anke.ice.servlet.AdminServlet]-[DEBUG] 没有登录，请先登录！
2015-12-21 15:57:43 [com.anke.ice.servlet.AdminServlet]-[DEBUG] 没有登录，请先登录！
2015-12-21 15:57:43 [com.anke.ice.servlet.AdminServlet]-[DEBUG] 没有登录，请先登录！
2015-12-21 15:57:43 [com.anke.ice.servlet.AdminServlet]-[DEBUG] 没有登录，请先登录！
2015-12-21 15:58:14 [com.anke.ice.dao.DBHelper]-[ERROR] 生成接入点编号出错
2015-12-21 15:58:14 [com.anke.ice.APIApplication]-[DEBUG] the web service is running!
2015-12-21 15:58:34 [com.anke.ice.servlet.AdminServlet]-[DEBUG] 没有登录，请先登录！
2015-12-21 16:01:14 [com.anke.ice.dao.DBHelper]-[ERROR] 生成接入点编号出错
2015-12-21 16:01:14 [com.anke.ice.APIApplication]-[DEBUG] the web service is running!
2015-12-21 16:01:15 [com.anke.ice.servlet.AdminServlet]-[DEBUG] 没有登录，请先登录！
2015-12-21 16:01:15 [com.anke.ice.servlet.AdminServlet]-[DEBUG] 没有登录，请先登录！
2015-12-21 16:01:15 [com.anke.ice.servlet.AdminServlet]-[DEBUG] 没有登录，请先登录！
2015-12-21 16:01:15 [com.anke.ice.servlet.AdminServlet]-[DEBUG] 没有登录，请先登录！
2015-12-21 16:01:15 [com.anke.ice.servlet.AdminServlet]-[DEBUG] 没有登录，请先登录！
2015-12-21 16:01:15 [com.anke.ice.servlet.AdminServlet]-[DEBUG] 没有登录，请先登录！
2015-12-21 16:01:15 [com.anke.ice.servlet.AdminServlet]-[DEBUG] 没有登录，请先登录！
2015-12-21 16:01:15 [com.anke.ice.servlet.AdminServlet]-[DEBUG] 没有登录，请先登录！
2015-12-21 16:01:15 [com.anke.ice.servlet.AdminServlet]-[DEBUG] 没有登录，请先登录！
2015-12-21 16:01:15 [com.anke.ice.servlet.AdminServlet]-[DEBUG] 没有登录，请先登录！
2015-12-21 16:01:15 [com.anke.ice.servlet.AdminServlet]-[DEBUG] 没有登录，请先登录！
2015-12-21 16:01:15 [com.anke.ice.servlet.AdminServlet]-[DEBUG] 没有登录，请先登录！
2015-12-21 16:01:15 [com.anke.ice.servlet.AdminServlet]-[DEBUG] 没有登录，请先登录！
2015-12-21 16:01:15 [com.anke.ice.servlet.AdminServlet]-[DEBUG] 没有登录，请先登录！
2015-12-21 16:01:15 [com.anke.ice.servlet.AdminServlet]-[DEBUG] 没有登录，请先登录！
2015-12-21 16:01:15 [com.anke.ice.servlet.AdminServlet]-[DEBUG] 没有登录，请先登录！
2015-12-21 16:01:15 [com.anke.ice.servlet.AdminServlet]-[DEBUG] 没有登录，请先登录！
2015-12-21 16:01:15 [com.anke.ice.servlet.AdminServlet]-[DEBUG] 没有登录，请先登录！
2015-12-21 16:01:15 [com.anke.ice.servlet.AdminServlet]-[DEBUG] 没有登录，请先登录！
2015-12-21 16:01:15 [com.anke.ice.servlet.AdminServlet]-[DEBUG] 没有登录，请先登录！
2015-12-21 16:01:15 [com.anke.ice.servlet.AdminServlet]-[DEBUG] 没有登录，请先登录！
2015-12-21 16:01:27 [com.anke.ice.servlet.AdminServlet]-[DEBUG] 没有登录，请先登录！
2015-12-21 16:01:27 [com.anke.ice.servlet.AdminServlet]-[DEBUG] 没有登录，请先登录！
2015-12-21 16:01:27 [com.anke.ice.servlet.AdminServlet]-[DEBUG] 没有登录，请先登录！
2015-12-21 16:01:27 [com.anke.ice.servlet.AdminServlet]-[DEBUG] 没有登录，请先登录！
2015-12-21 16:01:27 [com.anke.ice.servlet.AdminServlet]-[DEBUG] 没有登录，请先登录！
2015-12-21 16:01:27 [com.anke.ice.servlet.AdminServlet]-[DEBUG] 没有登录，请先登录！
2015-12-21 16:01:27 [com.anke.ice.servlet.AdminServlet]-[DEBUG] 没有登录，请先登录！
2015-12-21 16:01:27 [com.anke.ice.servlet.AdminServlet]-[DEBUG] 没有登录，请先登录！
2015-12-21 16:01:27 [com.anke.ice.servlet.AdminServlet]-[DEBUG] 没有登录，请先登录！
2015-12-21 16:01:27 [com.anke.ice.servlet.AdminServlet]-[DEBUG] 没有登录，请先登录！
2015-12-21 16:01:27 [com.anke.ice.servlet.AdminServlet]-[DEBUG] 没有登录，请先登录！
2015-12-21 16:01:27 [com.anke.ice.servlet.AdminServlet]-[DEBUG] 没有登录，请先登录！
2015-12-21 16:01:27 [com.anke.ice.servlet.AdminServlet]-[DEBUG] 没有登录，请先登录！
2015-12-21 16:01:27 [com.anke.ice.servlet.AdminServlet]-[DEBUG] 没有登录，请先登录！
2015-12-21 16:01:27 [com.anke.ice.servlet.AdminServlet]-[DEBUG] 没有登录，请先登录！
2015-12-21 16:01:27 [com.anke.ice.servlet.AdminServlet]-[DEBUG] 没有登录，请先登录！
2015-12-21 16:01:27 [com.anke.ice.servlet.AdminServlet]-[DEBUG] 没有登录，请先登录！
2015-12-21 16:01:27 [com.anke.ice.servlet.AdminServlet]-[DEBUG] 没有登录，请先登录！
2015-12-21 16:01:27 [com.anke.ice.servlet.AdminServlet]-[DEBUG] 没有登录，请先登录！
2015-12-21 16:01:27 [com.anke.ice.servlet.AdminServlet]-[DEBUG] 没有登录，请先登录！
2015-12-21 16:01:27 [com.anke.ice.servlet.AdminServlet]-[DEBUG] 没有登录，请先登录！
2015-12-21 16:01:35 [com.anke.ice.servlet.AdminServlet]-[DEBUG] 没有登录，请先登录！
2015-12-21 16:01:35 [com.anke.ice.servlet.AdminServlet]-[DEBUG] 没有登录，请先登录！
2015-12-21 16:01:35 [com.anke.ice.servlet.AdminServlet]-[DEBUG] 没有登录，请先登录！
2015-12-21 16:01:35 [com.anke.ice.servlet.AdminServlet]-[DEBUG] 没有登录，请先登录！
2015-12-21 16:01:35 [com.anke.ice.servlet.AdminServlet]-[DEBUG] 没有登录，请先登录！
2015-12-21 16:01:35 [com.anke.ice.servlet.AdminServlet]-[DEBUG] 没有登录，请先登录！
2015-12-21 16:01:35 [com.anke.ice.servlet.AdminServlet]-[DEBUG] 没有登录，请先登录！
2015-12-21 16:01:35 [com.anke.ice.servlet.AdminServlet]-[DEBUG] 没有登录，请先登录！
2015-12-21 16:01:35 [com.anke.ice.servlet.AdminServlet]-[DEBUG] 没有登录，请先登录！
2015-12-21 16:01:35 [com.anke.ice.servlet.AdminServlet]-[DEBUG] 没有登录，请先登录！
2015-12-21 16:01:35 [com.anke.ice.servlet.AdminServlet]-[DEBUG] 没有登录，请先登录！
2015-12-21 16:01:36 [com.anke.ice.servlet.AdminServlet]-[DEBUG] 没有登录，请先登录！
2015-12-21 16:01:36 [com.anke.ice.servlet.AdminServlet]-[DEBUG] 没有登录，请先登录！
2015-12-21 16:01:36 [com.anke.ice.servlet.AdminServlet]-[DEBUG] 没有登录，请先登录！
2015-12-21 16:01:36 [com.anke.ice.servlet.AdminServlet]-[DEBUG] 没有登录，请先登录！
2015-12-21 16:01:36 [com.anke.ice.servlet.AdminServlet]-[DEBUG] 没有登录，请先登录！
2015-12-21 16:01:36 [com.anke.ice.servlet.AdminServlet]-[DEBUG] 没有登录，请先登录！
2015-12-21 16:01:36 [com.anke.ice.servlet.AdminServlet]-[DEBUG] 没有登录，请先登录！
2015-12-21 16:01:36 [com.anke.ice.servlet.AdminServlet]-[DEBUG] 没有登录，请先登录！
2015-12-21 16:01:36 [com.anke.ice.servlet.AdminServlet]-[DEBUG] 没有登录，请先登录！
2015-12-21 16:01:36 [com.anke.ice.servlet.AdminServlet]-[DEBUG] 没有登录，请先登录！
2015-12-21 16:03:45 [com.anke.ice.dao.DBHelper]-[ERROR] 生成接入点编号出错
2015-12-21 16:03:45 [com.anke.ice.APIApplication]-[DEBUG] the web service is running!
2015-12-21 16:03:53 [com.anke.ice.dao.DBHelper]-[ERROR] 生成接入点编号出错
2015-12-21 16:03:53 [com.anke.ice.APIApplication]-[DEBUG] the web service is running!
2015-12-21 16:05:06 [com.anke.ice.dao.DBHelper]-[ERROR] 生成接入点编号出错
2015-12-21 16:05:06 [com.anke.ice.APIApplication]-[DEBUG] the web service is running!
2015-12-21 16:05:08 [com.anke.ice.servlet.AdminServlet]-[DEBUG] 没有登录，请先登录！
2015-12-21 16:05:08 [com.anke.ice.servlet.AdminServlet]-[DEBUG] 没有登录，请先登录！
2015-12-21 16:05:08 [com.anke.ice.servlet.AdminServlet]-[DEBUG] 没有登录，请先登录！
2015-12-21 16:05:08 [com.anke.ice.servlet.AdminServlet]-[DEBUG] 没有登录，请先登录！
2015-12-21 16:05:08 [com.anke.ice.servlet.AdminServlet]-[DEBUG] 没有登录，请先登录！
2015-12-21 16:05:08 [com.anke.ice.servlet.AdminServlet]-[DEBUG] 没有登录，请先登录！
2015-12-21 16:05:08 [com.anke.ice.servlet.AdminServlet]-[DEBUG] 没有登录，请先登录！
2015-12-21 16:05:08 [com.anke.ice.servlet.AdminServlet]-[DEBUG] 没有登录，请先登录！
2015-12-21 16:05:08 [com.anke.ice.servlet.AdminServlet]-[DEBUG] 没有登录，请先登录！
2015-12-21 16:05:08 [com.anke.ice.servlet.AdminServlet]-[DEBUG] 没有登录，请先登录！
2015-12-21 16:05:08 [com.anke.ice.servlet.AdminServlet]-[DEBUG] 没有登录，请先登录！
2015-12-21 16:05:08 [com.anke.ice.servlet.AdminServlet]-[DEBUG] 没有登录，请先登录！
2015-12-21 16:05:08 [com.anke.ice.servlet.AdminServlet]-[DEBUG] 没有登录，请先登录！
2015-12-21 16:05:08 [com.anke.ice.servlet.AdminServlet]-[DEBUG] 没有登录，请先登录！
2015-12-21 16:05:08 [com.anke.ice.servlet.AdminServlet]-[DEBUG] 没有登录，请先登录！
2015-12-21 16:05:08 [com.anke.ice.servlet.AdminServlet]-[DEBUG] 没有登录，请先登录！
2015-12-21 16:05:08 [com.anke.ice.servlet.AdminServlet]-[DEBUG] 没有登录，请先登录！
2015-12-21 16:05:08 [com.anke.ice.servlet.AdminServlet]-[DEBUG] 没有登录，请先登录！
2015-12-21 16:05:08 [com.anke.ice.servlet.AdminServlet]-[DEBUG] 没有登录，请先登录！
2015-12-21 16:05:08 [com.anke.ice.servlet.AdminServlet]-[DEBUG] 没有登录，请先登录！
2015-12-21 16:05:08 [com.anke.ice.servlet.AdminServlet]-[DEBUG] 没有登录，请先登录！
2015-12-21 16:05:54 [com.anke.ice.dao.DBHelper]-[ERROR] 生成接入点编号出错
2015-12-21 16:05:54 [com.anke.ice.APIApplication]-[DEBUG] the web service is running!
2015-12-21 16:05:55 [com.anke.ice.servlet.AdminServlet]-[DEBUG] 没有登录，请先登录！
2015-12-21 16:05:55 [com.anke.ice.servlet.AdminServlet]-[DEBUG] 没有登录，请先登录！
2015-12-21 16:05:55 [com.anke.ice.servlet.AdminServlet]-[DEBUG] 没有登录，请先登录！
2015-12-21 16:05:55 [com.anke.ice.servlet.AdminServlet]-[DEBUG] 没有登录，请先登录！
2015-12-21 16:05:55 [com.anke.ice.servlet.AdminServlet]-[DEBUG] 没有登录，请先登录！
2015-12-21 16:05:55 [com.anke.ice.servlet.AdminServlet]-[DEBUG] 没有登录，请先登录！
2015-12-21 16:05:55 [com.anke.ice.servlet.AdminServlet]-[DEBUG] 没有登录，请先登录！
2015-12-21 16:05:55 [com.anke.ice.servlet.AdminServlet]-[DEBUG] 没有登录，请先登录！
2015-12-21 16:05:55 [com.anke.ice.servlet.AdminServlet]-[DEBUG] 没有登录，请先登录！
2015-12-21 16:05:55 [com.anke.ice.servlet.AdminServlet]-[DEBUG] 没有登录，请先登录！
2015-12-21 16:05:55 [com.anke.ice.servlet.AdminServlet]-[DEBUG] 没有登录，请先登录！
2015-12-21 16:05:55 [com.anke.ice.servlet.AdminServlet]-[DEBUG] 没有登录，请先登录！
2015-12-21 16:05:55 [com.anke.ice.servlet.AdminServlet]-[DEBUG] 没有登录，请先登录！
2015-12-21 16:05:55 [com.anke.ice.servlet.AdminServlet]-[DEBUG] 没有登录，请先登录！
2015-12-21 16:05:55 [com.anke.ice.servlet.AdminServlet]-[DEBUG] 没有登录，请先登录！
2015-12-21 16:05:55 [com.anke.ice.servlet.AdminServlet]-[DEBUG] 没有登录，请先登录！
2015-12-21 16:05:55 [com.anke.ice.servlet.AdminServlet]-[DEBUG] 没有登录，请先登录！
2015-12-21 16:05:55 [com.anke.ice.servlet.AdminServlet]-[DEBUG] 没有登录，请先登录！
2015-12-21 16:05:55 [com.anke.ice.servlet.AdminServlet]-[DEBUG] 没有登录，请先登录！
2015-12-21 16:05:55 [com.anke.ice.servlet.AdminServlet]-[DEBUG] 没有登录，请先登录！
2015-12-21 16:05:55 [com.anke.ice.servlet.AdminServlet]-[DEBUG] 没有登录，请先登录！
2015-12-21 16:06:36 [com.anke.ice.dao.DBHelper]-[ERROR] 生成接入点编号出错
2015-12-21 16:06:36 [com.anke.ice.APIApplication]-[DEBUG] the web service is running!
2015-12-21 16:08:34 [com.anke.ice.dao.DBHelper]-[ERROR] 生成接入点编号出错
2015-12-21 16:08:34 [com.anke.ice.APIApplication]-[DEBUG] the web service is running!
2015-12-21 16:08:49 [com.anke.ice.dao.DBHelper]-[ERROR] 生成接入点编号出错
2015-12-21 16:08:49 [com.anke.ice.APIApplication]-[DEBUG] the web service is running!
2015-12-21 16:09:34 [com.anke.ice.dao.DBHelper]-[ERROR] 生成接入点编号出错
2015-12-21 16:09:34 [com.anke.ice.APIApplication]-[DEBUG] the web service is running!
2015-12-21 16:09:49 [com.anke.ice.servlet.AdminServlet]-[DEBUG] 没有登录，请先登录！
2015-12-21 16:12:58 [com.anke.ice.dao.DBHelper]-[ERROR] 生成接入点编号出错
2015-12-21 16:12:58 [com.anke.ice.APIApplication]-[DEBUG] the web service is running!
2015-12-21 16:14:29 [com.anke.ice.dao.DBHelper]-[ERROR] 生成接入点编号出错
2015-12-21 16:14:29 [com.anke.ice.APIApplication]-[DEBUG] the web service is running!
2015-12-21 16:14:33 [com.anke.ice.servlet.AdminServlet]-[DEBUG] 没有登录，请先登录！
2015-12-21 16:14:53 [com.anke.ice.servlet.AdminServlet]-[DEBUG] 没有登录，请先登录！
2015-12-21 16:16:14 [com.anke.ice.dao.DBHelper]-[ERROR] 生成接入点编号出错
2015-12-21 16:16:14 [com.anke.ice.APIApplication]-[DEBUG] the web service is running!
2015-12-21 16:16:30 [com.anke.ice.dao.DBHelper]-[ERROR] 生成接入点编号出错
2015-12-21 16:16:30 [com.anke.ice.APIApplication]-[DEBUG] the web service is running!
2015-12-21 16:32:40 [com.anke.ice.dao.DBHelper]-[ERROR] 生成接入点编号出错
2015-12-21 16:32:40 [com.anke.ice.admin.AdminApplication]-[DEBUG] the web service is running!
2015-12-21 16:32:40 [com.anke.ice.APIApplication]-[DEBUG] the web service is running!
2015-12-21 16:33:57 [com.anke.ice.dao.DBHelper]-[ERROR] 生成接入点编号出错
2015-12-21 16:33:57 [com.anke.ice.APIApplication]-[DEBUG] the web service is running!
